\BOOKMARK [1][-]{section.1}{\376\377\137\025\212\000}{}% 1
\BOOKMARK [2][-]{subsection.1.1}{\376\377\200\314\146\157\116\016\122\250\147\072}{section.1}% 2
\BOOKMARK [2][-]{subsection.1.2}{\376\377\166\370\121\163\135\345\117\134}{section.1}% 3
\BOOKMARK [2][-]{subsection.1.3}{\376\377\142\021\116\354\166\204\145\271\154\325}{section.1}% 4
\BOOKMARK [2][-]{subsection.1.4}{\376\377\116\073\211\201\215\041\163\056}{section.1}% 5
\BOOKMARK [1][-]{section.2}{\376\377\145\271\154\325}{}% 6
\BOOKMARK [2][-]{subsection.2.1}{\376\377\225\356\230\230\133\232\116\111}{section.2}% 7
\BOOKMARK [2][-]{subsection.2.2}{\376\377\177\121\176\334\147\266\147\204}{section.2}% 8
\BOOKMARK [3][-]{subsubsection.2.2.1}{\376\377\123\314\221\315\147\266\147\204\213\276\213\241}{subsection.2.2}% 9
\BOOKMARK [3][-]{subsubsection.2.2.2}{\376\377\123\314\124\021\145\366\225\364\207\215\124\010\377\010\000B\000T\000F\377\011\152\041\127\127}{subsection.2.2}% 10
\BOOKMARK [3][-]{subsubsection.2.2.3}{\376\377\131\032\134\072\136\246\211\343\170\001\126\150}{subsection.2.2}% 11
\BOOKMARK [2][-]{subsection.2.3}{\376\377\117\030\123\026\173\126\165\145}{section.2}% 12
\BOOKMARK [1][-]{section.3}{\376\377\133\236\232\214}{}% 13
\BOOKMARK [2][-]{subsection.3.1}{\376\377\145\160\143\156\226\306\116\016\213\304\117\060\143\007\150\007}{section.3}% 14
\BOOKMARK [2][-]{subsection.3.2}{\376\377\133\236\163\260\176\306\202\202}{section.3}% 15
\BOOKMARK [2][-]{subsection.3.3}{\376\377\116\073\211\201\176\323\147\234}{section.3}% 16
\BOOKMARK [2][-]{subsection.3.4}{\376\377\155\210\207\215\170\024\172\166}{section.3}% 17
\BOOKMARK [3][-]{subsubsection.3.4.1}{\376\377\117\030\123\026\173\126\165\145\166\204\137\161\124\315}{subsection.3.4}% 18
\BOOKMARK [3][-]{subsubsection.3.4.2}{\376\377\145\366\136\217\207\215\124\010\173\126\165\145\166\204\137\161\124\315}{subsection.3.4}% 19
\BOOKMARK [3][-]{subsubsection.3.4.3}{\376\377\147\266\147\204\176\304\116\366\122\006\147\220}{subsection.3.4}% 20
\BOOKMARK [2][-]{subsection.3.5}{\376\377\116\016\147\000\121\110\217\333\145\271\154\325\166\204\153\324\217\203}{section.3}% 21
\BOOKMARK [1][-]{section.4}{\376\377\213\250\213\272}{}% 22
\BOOKMARK [2][-]{subsection.4.1}{\376\377\176\323\147\234\122\006\147\220}{section.4}% 23
\BOOKMARK [2][-]{subsection.4.2}{\376\377\134\100\226\120\140\047}{section.4}% 24
\BOOKMARK [2][-]{subsection.4.3}{\376\377\147\052\147\145\135\345\117\134}{section.4}% 25
\BOOKMARK [1][-]{section.5}{\376\377\176\323\213\272}{}% 26
\BOOKMARK [1][-]{section*.10}{\376\377\123\302\200\003\145\207\163\056}{}% 27
